0 info it worked if it ends with ok
1 verbose cli [ 'C:\\Program Files\\nodejs\\node.exe',
1 verbose cli   'C:\\Program Files\\nodejs\\node_modules\\npm\\bin\\npm-cli.js',
1 verbose cli   'run',
1 verbose cli   'start' ]
2 info using npm@4.1.2
3 info using node@v7.7.4
4 verbose run-script [ 'prestart', 'start', 'poststart' ]
5 info lifecycle wiki_search@1.0.0~prestart: wiki_search@1.0.0
6 silly lifecycle wiki_search@1.0.0~prestart: no script for prestart, continuing
7 info lifecycle wiki_search@1.0.0~start: wiki_search@1.0.0
8 verbose lifecycle wiki_search@1.0.0~start: unsafe-perm in lifecycle true
9 verbose lifecycle wiki_search@1.0.0~start: PATH: C:\Program Files\nodejs\node_modules\npm\bin\node-gyp-bin;C:\Users\Ivani\Projects\wiki_search\node_modules\.bin;C:\Users\Ivani\Documents\cmder\bin;C:\Users\Ivani\Documents\cmder\vendor\conemu-maximus5\ConEmu\Scripts;C:\Users\Ivani\Documents\cmder\vendor\conemu-maximus5;C:\Users\Ivani\Documents\cmder\vendor\conemu-maximus5\ConEmu;C:\Program Files (x86)\Intel\iCLS Client\;C:\Program Files\Intel\iCLS Client\;C:\WINDOWS\system32;C:\WINDOWS;C:\WINDOWS\System32\Wbem;C:\WINDOWS\System32\WindowsPowerShell\v1.0\;C:\Program Files\ThinkPad\Bluetooth Software\;C:\Program Files\ThinkPad\Bluetooth Software\syswow64;C:\Program Files (x86)\Intel\OpenCL SDK\3.0\bin\x86;C:\Program Files (x86)\Intel\OpenCL SDK\3.0\bin\x64;C:\Program Files\Intel\Intel(R) Management Engine Components\DAL;C:\Program Files\Intel\Intel(R) Management Engine Components\IPT;C:\Program Files (x86)\Intel\Intel(R) Management Engine Components\DAL;C:\Program Files (x86)\Intel\Intel(R) Management Engine Components\IPT;C:\Program Files\Intel\WiFi\bin\;C:\Program Files\Common Files\Intel\WirelessCommon\;C:\Program Files (x86)\Skype\Phone\;C:\Program Files\nodejs\;C:\Program Files\Git\cmd;C:\WINDOWS\System32\OpenSSH\;C:\Program Files\Microsoft VS Code\bin;C:\Program Files\Intel\WiFi\bin\;C:\Program Files\Common Files\Intel\WirelessCommon\;C:\Users\Ivani\AppData\Local\Microsoft\WindowsApps;C:\Users\Ivani\AppData\Roaming\npm;C:\Program Files\Git\usr\bin;C:\Program Files\Git\usr\share\vim\vim74;C:\Users\Ivani\Documents\cmder\
10 verbose lifecycle wiki_search@1.0.0~start: CWD: C:\Users\Ivani\Projects\wiki_search
11 silly lifecycle wiki_search@1.0.0~start: Args: [ '/d /s /c', 'node index.html' ]
12 silly lifecycle wiki_search@1.0.0~start: Returned: code: 1  signal: null
13 info lifecycle wiki_search@1.0.0~start: Failed to exec start script
14 verbose stack Error: wiki_search@1.0.0 start: `node index.html`
14 verbose stack Exit status 1
14 verbose stack     at EventEmitter.<anonymous> (C:\Program Files\nodejs\node_modules\npm\lib\utils\lifecycle.js:279:16)
14 verbose stack     at emitTwo (events.js:106:13)
14 verbose stack     at EventEmitter.emit (events.js:194:7)
14 verbose stack     at ChildProcess.<anonymous> (C:\Program Files\nodejs\node_modules\npm\lib\utils\spawn.js:40:14)
14 verbose stack     at emitTwo (events.js:106:13)
14 verbose stack     at ChildProcess.emit (events.js:194:7)
14 verbose stack     at maybeClose (internal/child_process.js:899:16)
14 verbose stack     at Process.ChildProcess._handle.onexit (internal/child_process.js:226:5)
15 verbose pkgid wiki_search@1.0.0
16 verbose cwd C:\Users\Ivani\Projects\wiki_search
17 error Windows_NT 10.0.17134
18 error argv "C:\\Program Files\\nodejs\\node.exe" "C:\\Program Files\\nodejs\\node_modules\\npm\\bin\\npm-cli.js" "run" "start"
19 error node v7.7.4
20 error npm  v4.1.2
21 error code ELIFECYCLE
22 error wiki_search@1.0.0 start: `node index.html`
22 error Exit status 1
23 error Failed at the wiki_search@1.0.0 start script 'node index.html'.
23 error Make sure you have the latest version of node.js and npm installed.
23 error If you do, this is most likely a problem with the wiki_search package,
23 error not with npm itself.
23 error Tell the author that this fails on your system:
23 error     node index.html
23 error You can get information on how to open an issue for this project with:
23 error     npm bugs wiki_search
23 error Or if that isn't available, you can get their info via:
23 error     npm owner ls wiki_search
23 error There is likely additional logging output above.
24 verbose exit [ 1, true ]
